<?xml version="1.0" encoding="UTF-8"?>
<testng-results ignored="0" total="3" passed="3" failed="0" skipped="0">
  <reporter-output>
  </reporter-output>
  <suite started-at="2025-10-29T13:13:57 IST" name="Default suite" finished-at="2025-10-29T13:14:18 IST" duration-ms="21470">
    <groups>
    </groups>
    <test started-at="2025-10-29T13:13:57 IST" name="Default test" finished-at="2025-10-29T13:14:18 IST" duration-ms="21470">
      <class name="MobileAutomation.WikipediaAppTests">
        <test-method is-config="true" signature="setUp()[pri:0, instance:MobileAutomation.WikipediaAppTests@23f5b5dc]" started-at="2025-10-29T13:13:57 IST" name="setUp" finished-at="2025-10-29T13:14:09 IST" duration-ms="12712" status="PASS">
          <reporter-output>
          </reporter-output>
        </test-method> <!-- setUp -->
        <test-method signature="verifyTextJohnBullockClarkPresent()[pri:1, instance:MobileAutomation.WikipediaAppTests@23f5b5dc]" started-at="2025-10-29T13:14:09 IST" name="verifyTextJohnBullockClarkPresent" finished-at="2025-10-29T13:14:12 IST" duration-ms="2232" status="PASS">
          <reporter-output>
          </reporter-output>
        </test-method> <!-- verifyTextJohnBullockClarkPresent -->
        <test-method signature="verifySearchFieldPresent()[pri:2, instance:MobileAutomation.WikipediaAppTests@23f5b5dc]" started-at="2025-10-29T13:14:12 IST" name="verifySearchFieldPresent" finished-at="2025-10-29T13:14:12 IST" duration-ms="546" status="PASS">
          <reporter-output>
          </reporter-output>
        </test-method> <!-- verifySearchFieldPresent -->
        <test-method signature="searchForTerm()[pri:3, instance:MobileAutomation.WikipediaAppTests@23f5b5dc]" started-at="2025-10-29T13:14:12 IST" name="searchForTerm" finished-at="2025-10-29T13:14:16 IST" duration-ms="3868" status="PASS">
          <reporter-output>
          </reporter-output>
        </test-method> <!-- searchForTerm -->
        <test-method is-config="true" signature="tearDown()[pri:0, instance:MobileAutomation.WikipediaAppTests@23f5b5dc]" started-at="2025-10-29T13:14:16 IST" name="tearDown" finished-at="2025-10-29T13:14:18 IST" duration-ms="1987" status="PASS">
          <reporter-output>
          </reporter-output>
        </test-method> <!-- tearDown -->
      </class> <!-- MobileAutomation.WikipediaAppTests -->
    </test> <!-- Default test -->
  </suite> <!-- Default suite -->
</testng-results>
