<?xml version="1.0" encoding="UTF-8"?>
<testng-results ignored="0" total="1" passed="1" failed="0" skipped="0">
  <reporter-output>
  </reporter-output>
  <suite started-at="2025-10-28T16:52:26 IST" name="Default suite" finished-at="2025-10-28T16:53:05 IST" duration-ms="38415">
    <groups>
    </groups>
    <test started-at="2025-10-28T16:52:26 IST" name="Default test" finished-at="2025-10-28T16:53:05 IST" duration-ms="38415">
      <class name="TestCases.LoginPageTest">
        <test-method is-config="true" signature="setup()[pri:0, instance:TestCases.LoginPageTest@57db2b13]" started-at="2025-10-28T16:52:26 IST" name="setup" finished-at="2025-10-28T16:52:30 IST" duration-ms="3189" status="PASS">
          <reporter-output>
          </reporter-output>
        </test-method> <!-- setup -->
        <test-method signature="verifyLoginFromExcel()[pri:0, instance:TestCases.LoginPageTest@57db2b13]" started-at="2025-10-28T16:52:30 IST" name="verifyLoginFromExcel" finished-at="2025-10-28T16:53:05 IST" duration-ms="35060" status="PASS">
          <reporter-output>
          </reporter-output>
        </test-method> <!-- verifyLoginFromExcel -->
        <test-method is-config="true" signature="tearDown()[pri:0, instance:TestCases.LoginPageTest@57db2b13]" started-at="2025-10-28T16:53:05 IST" name="tearDown" finished-at="2025-10-28T16:53:05 IST" duration-ms="96" status="PASS">
          <reporter-output>
          </reporter-output>
        </test-method> <!-- tearDown -->
      </class> <!-- TestCases.LoginPageTest -->
    </test> <!-- Default test -->
  </suite> <!-- Default suite -->
</testng-results>
