<?xml version="1.0" encoding="UTF-8"?>
<!-- Generated by org.testng.reporters.JUnitXMLReporter -->
<testsuite ignored="0" hostname="shaiks-MacBook-Air.local" failures="0" tests="4" name="Surefire test" time="16.952" errors="0" timestamp="2025-10-28T14:37:31 IST">
  <testcase classname="TestCases.LoginPageTest" name="verifyLogin" time="0.932"/>
  <testcase classname="TestCases.LoginPageTest" name="verifyLogin" time="1.8"/>
  <testcase classname="TestCases.LoginPageTest" name="verifyLogin" time="0.832"/>
  <testcase classname="TestCases.LoginPageTest" name="verifyLogin" time="1.327"/>
</testsuite> <!-- Surefire test -->
