<?xml version="1.0" encoding="UTF-8"?>
<testng-results ignored="0" total="4" passed="4" failed="0" skipped="0">
  <reporter-output>
  </reporter-output>
  <suite started-at="2025-10-28T14:37:15 IST" name="Surefire suite" finished-at="2025-10-28T14:37:31 IST" duration-ms="16952">
    <groups>
    </groups>
    <test started-at="2025-10-28T14:37:15 IST" name="Surefire test" finished-at="2025-10-28T14:37:31 IST" duration-ms="16952">
      <class name="TestCases.LoginPageTest">
        <test-method is-config="true" signature="setup()[pri:0, instance:TestCases.LoginPageTest@79da8dc5]" started-at="2025-10-28T14:37:15 IST" name="setup" finished-at="2025-10-28T14:37:20 IST" duration-ms="4705" status="PASS">
          <reporter-output>
          </reporter-output>
        </test-method> <!-- setup -->
        <test-method signature="verifyLogin(java.lang.String,java.lang.String,java.lang.String)[pri:0, instance:TestCases.LoginPageTest@79da8dc5]" started-at="2025-10-28T14:37:20 IST" name="verifyLogin" data-provider="LoginData" finished-at="2025-10-28T14:37:21 IST" duration-ms="932" status="PASS">
          <params>
            <param index="0">
              <value>
                <![CDATA[testuser1@demo.com]]>
              </value>
            </param>
            <param index="1">
              <value>
                <![CDATA[Test@1234]]>
              </value>
            </param>
            <param index="2">
              <value>
                <![CDATA[InValid]]>
              </value>
            </param>
          </params>
          <reporter-output>
          </reporter-output>
        </test-method> <!-- verifyLogin -->
        <test-method is-config="true" signature="tearDown()[pri:0, instance:TestCases.LoginPageTest@79da8dc5]" started-at="2025-10-28T14:37:21 IST" name="tearDown" finished-at="2025-10-28T14:37:21 IST" duration-ms="93" status="PASS">
          <reporter-output>
          </reporter-output>
        </test-method> <!-- tearDown -->
        <test-method is-config="true" signature="setup()[pri:0, instance:TestCases.LoginPageTest@79da8dc5]" started-at="2025-10-28T14:37:21 IST" name="setup" finished-at="2025-10-28T14:37:23 IST" duration-ms="2381" status="PASS">
          <reporter-output>
          </reporter-output>
        </test-method> <!-- setup -->
        <test-method signature="verifyLogin(java.lang.String,java.lang.String,java.lang.String)[pri:0, instance:TestCases.LoginPageTest@79da8dc5]" started-at="2025-10-28T14:37:23 IST" name="verifyLogin" data-provider="LoginData" finished-at="2025-10-28T14:37:25 IST" duration-ms="1800" status="PASS">
          <params>
            <param index="0">
              <value>
                <![CDATA[yecoki1436@filipx.com]]>
              </value>
            </param>
            <param index="1">
              <value>
                <![CDATA[123456]]>
              </value>
            </param>
            <param index="2">
              <value>
                <![CDATA[Valid]]>
              </value>
            </param>
          </params>
          <reporter-output>
          </reporter-output>
        </test-method> <!-- verifyLogin -->
        <test-method is-config="true" signature="tearDown()[pri:0, instance:TestCases.LoginPageTest@79da8dc5]" started-at="2025-10-28T14:37:25 IST" name="tearDown" finished-at="2025-10-28T14:37:25 IST" duration-ms="84" status="PASS">
          <reporter-output>
          </reporter-output>
        </test-method> <!-- tearDown -->
        <test-method is-config="true" signature="setup()[pri:0, instance:TestCases.LoginPageTest@79da8dc5]" started-at="2025-10-28T14:37:25 IST" name="setup" finished-at="2025-10-28T14:37:27 IST" duration-ms="2082" status="PASS">
          <reporter-output>
          </reporter-output>
        </test-method> <!-- setup -->
        <test-method signature="verifyLogin(java.lang.String,java.lang.String,java.lang.String)[pri:0, instance:TestCases.LoginPageTest@79da8dc5]" started-at="2025-10-28T14:37:27 IST" name="verifyLogin" data-provider="LoginData" finished-at="2025-10-28T14:37:28 IST" duration-ms="832" status="PASS">
          <params>
            <param index="0">
              <value>
                <![CDATA[wronguser@demo.com]]>
              </value>
            </param>
            <param index="1">
              <value>
                <![CDATA[test123]]>
              </value>
            </param>
            <param index="2">
              <value>
                <![CDATA[Invalid]]>
              </value>
            </param>
          </params>
          <reporter-output>
          </reporter-output>
        </test-method> <!-- verifyLogin -->
        <test-method is-config="true" signature="tearDown()[pri:0, instance:TestCases.LoginPageTest@79da8dc5]" started-at="2025-10-28T14:37:28 IST" name="tearDown" finished-at="2025-10-28T14:37:28 IST" duration-ms="86" status="PASS">
          <reporter-output>
          </reporter-output>
        </test-method> <!-- tearDown -->
        <test-method is-config="true" signature="setup()[pri:0, instance:TestCases.LoginPageTest@79da8dc5]" started-at="2025-10-28T14:37:28 IST" name="setup" finished-at="2025-10-28T14:37:30 IST" duration-ms="2112" status="PASS">
          <reporter-output>
          </reporter-output>
        </test-method> <!-- setup -->
        <test-method signature="verifyLogin(java.lang.String,java.lang.String,java.lang.String)[pri:0, instance:TestCases.LoginPageTest@79da8dc5]" started-at="2025-10-28T14:37:30 IST" name="verifyLogin" data-provider="LoginData" finished-at="2025-10-28T14:37:31 IST" duration-ms="1327" status="PASS">
          <params>
            <param index="0">
              <value>
                <![CDATA[blank@demo.com]]>
              </value>
            </param>
            <param index="1">
              <value>
                <![CDATA[dummy]]>
              </value>
            </param>
            <param index="2">
              <value>
                <![CDATA[Invalid]]>
              </value>
            </param>
          </params>
          <reporter-output>
          </reporter-output>
        </test-method> <!-- verifyLogin -->
        <test-method is-config="true" signature="tearDown()[pri:0, instance:TestCases.LoginPageTest@79da8dc5]" started-at="2025-10-28T14:37:31 IST" name="tearDown" finished-at="2025-10-28T14:37:31 IST" duration-ms="95" status="PASS">
          <reporter-output>
          </reporter-output>
        </test-method> <!-- tearDown -->
      </class> <!-- TestCases.LoginPageTest -->
    </test> <!-- Surefire test -->
  </suite> <!-- Surefire suite -->
</testng-results>
