<?xml version="1.0" encoding="UTF-8"?>
<testsuite name="TestSuite" time="0.914" tests="4" errors="0" skipped="0" failures="0">
  <properties>
[...]
</properties>
  <testcase name="verifyLogin" classname="TestCases.LoginPageTest" time="0.914"/>
  <testcase name="verifyLogin" classname="TestCases.LoginPageTest" time="1.801"/>
  <testcase name="verifyLogin" classname="TestCases.LoginPageTest" time="0.827"/>
  <testcase name="verifyLogin" classname="TestCases.LoginPageTest" time="1.322"/>
</testsuite>